[0m2021-08-03 10:00:54 V/Net 1295627693: [BotSessionSyncer] Loading server list from cache.[0m
[92m2021-08-03 10:00:54 I/Net 1295627693: [ServerList] Server list: 60.28.172.94:80, msfwifi.3g.qq.com:8080, 153.3.50.180:14000, 157.255.13.227:443, 221.198.70.158:80, 153.3.149.175:14000, 153.3.149.252:80, 221.198.69.95:8080, 61.181.203.156:80, 157.255.13.53:8080.[0m
[92m2021-08-03 10:00:55 I/Net 1295627693: [ECDHInitialPublicKeyUpdater] ECDH key is valid.[0m
[0m2021-08-03 10:00:55 V/Net 1295627693: Send: wtlogin.exchange_emp[0m
[0m2021-08-03 10:00:55 V/Net 1295627693: Recv: wtlogin.exchange_emp[0m
[0m2021-08-03 10:00:55 V/Net 1295627693: Send: StatSvc.register(online)[0m
[0m2021-08-03 10:00:55 V/Net 1295627693: Recv: StatSvc.register[0m
[0m2021-08-03 10:00:55 V/Net 1295627693: [BotSessionSyncer] Loading BdhSession from cache file[0m
[92m2021-08-03 10:00:55 I/Net 1295627693: [MessageSvcSyncer] Syncing friend message history...[0m
[92m2021-08-03 10:00:55 I/Net 1295627693: [ContactUpdater] Start loading friend list...[0m
[92m2021-08-03 10:00:55 I/Net 1295627693: [ContactUpdater] Start loading stranger list...[0m
[0m2021-08-03 10:00:55 V/Net 1295627693: Send: StatSvc.GetDevLoginInfo(StatSvc.GetDevLoginInfo)[0m
[0m2021-08-03 10:00:55 V/Net 1295627693: Send: OidbSvc.0x496(OidbSvc.0x496)[0m
[0m2021-08-03 10:00:55 V/Net 1295627693: Send: OidbSvc.0x5d2_0(OidbSvc.0x5d2_0)[0m
[0m2021-08-03 10:00:55 V/Net 1295627693: Send: friendlist.getFriendGroupList(friendlist.getFriendGroupList)[0m
[0m2021-08-03 10:00:55 V/Net 1295627693: Recv: OidbSvc.0x496[0m
[92m2021-08-03 10:00:55 I/Net 1295627693: [ContactUpdater] Start loading group list...[0m
[0m2021-08-03 10:00:55 V/Net 1295627693: Send: friendlist.GetTroopListReqV2(friendlist.GetTroopListReqV2)[0m
[0m2021-08-03 10:00:55 V/Net 1295627693: Recv: StatSvc.GetDevLoginInfo[0m
[92m2021-08-03 10:00:55 I/Net 1295627693: [OtherClientUpdater] No OtherClient online.[0m
[0m2021-08-03 10:00:55 V/Net 1295627693: Recv: OidbSvc.0x5d2_0[0m
[92m2021-08-03 10:00:55 I/Net 1295627693: [ContactUpdater] Successfully loaded stranger list: 1 in total[0m
[92m2021-08-03 10:00:55 I/Net 1295627693: [MessageSvcSyncer] Syncing friend message history: Success.[0m
[0m2021-08-03 10:00:55 V/Net 1295627693: Recv: friendlist.getFriendGroupList[0m
[0m2021-08-03 10:00:55 V/Net 1295627693: [ContactUpdater] Loading friend list: 24/24[0m
[92m2021-08-03 10:00:55 I/Net 1295627693: [ContactUpdater] Successfully loaded friend list: 24 in total[0m
[0m2021-08-03 10:00:55 V/Net 1295627693: Recv: friendlist.GetTroopListReqV2[0m
[0m2021-08-03 10:00:55 V/Net 1295627693: Send: friendlist.GetTroopMemberListReq(friendlist.GetTroopMemberListReq)[0m
[0m2021-08-03 10:00:55 V/Net 1295627693: Send: friendlist.GetTroopMemberListReq(friendlist.GetTroopMemberListReq)[0m
[0m2021-08-03 10:00:55 V/Net 1295627693: Send: friendlist.GetTroopMemberListReq(friendlist.GetTroopMemberListReq)[0m
[0m2021-08-03 10:00:55 V/Net 1295627693: Send: friendlist.GetTroopMemberListReq(friendlist.GetTroopMemberListReq)[0m
[0m2021-08-03 10:00:55 V/Net 1295627693: Send: friendlist.GetTroopMemberListReq(friendlist.GetTroopMemberListReq)[0m
[0m2021-08-03 10:00:56 V/Net 1295627693: Recv: friendlist.GetTroopMemberListReq[0m
[0m2021-08-03 10:00:56 V/Net 1295627693: Send: OidbSvc.0x899_9(OidbSvc.0x899_9)[0m
[0m2021-08-03 10:00:56 V/Net 1295627693: Recv: friendlist.GetTroopMemberListReq[0m
[0m2021-08-03 10:00:56 V/Net 1295627693: Recv: friendlist.GetTroopMemberListReq[0m
[0m2021-08-03 10:00:56 V/Net 1295627693: Send: OidbSvc.0x899_9(OidbSvc.0x899_9)[0m
[0m2021-08-03 10:00:56 V/Net 1295627693: Send: OidbSvc.0x899_9(OidbSvc.0x899_9)[0m
[0m2021-08-03 10:00:56 V/Net 1295627693: Recv: friendlist.GetTroopMemberListReq[0m
[0m2021-08-03 10:00:56 V/Net 1295627693: Recv: friendlist.GetTroopMemberListReq[0m
[0m2021-08-03 10:00:56 V/Net 1295627693: Send: friendlist.GetTroopMemberListReq(friendlist.GetTroopMemberListReq)[0m
[0m2021-08-03 10:00:56 V/Net 1295627693: Send: OidbSvc.0x899_9(OidbSvc.0x899_9)[0m
[0m2021-08-03 10:00:56 V/Net 1295627693: Recv: OidbSvc.0x899_9[0m
[0m2021-08-03 10:00:56 V/Net 1295627693: Recv: OidbSvc.0x899_9[0m
[0m2021-08-03 10:00:56 V/Net 1295627693: Recv: OidbSvc.0x899_9[0m
[0m2021-08-03 10:00:56 V/Net 1295627693: Recv: OidbSvc.0x899_9[0m
[0m2021-08-03 10:00:56 V/Net 1295627693: Recv: friendlist.GetTroopMemberListReq[0m
[0m2021-08-03 10:00:56 V/Net 1295627693: Send: friendlist.GetTroopMemberListReq(friendlist.GetTroopMemberListReq)[0m
[0m2021-08-03 10:00:56 V/Net 1295627693: Recv: friendlist.GetTroopMemberListReq[0m
[0m2021-08-03 10:00:56 V/Net 1295627693: Send: friendlist.GetTroopMemberListReq(friendlist.GetTroopMemberListReq)[0m
[0m2021-08-03 10:00:56 V/Net 1295627693: Recv: friendlist.GetTroopMemberListReq[0m
[0m2021-08-03 10:00:56 V/Net 1295627693: Send: friendlist.GetTroopMemberListReq(friendlist.GetTroopMemberListReq)[0m
[0m2021-08-03 10:00:56 V/Net 1295627693: Recv: friendlist.GetTroopMemberListReq[0m
[0m2021-08-03 10:00:56 V/Net 1295627693: Send: friendlist.GetTroopMemberListReq(friendlist.GetTroopMemberListReq)[0m
[0m2021-08-03 10:00:57 V/Net 1295627693: Recv: friendlist.GetTroopMemberListReq[0m
[0m2021-08-03 10:00:57 V/Net 1295627693: Send: OidbSvc.0x899_9(OidbSvc.0x899_9)[0m
[0m2021-08-03 10:00:57 V/Net 1295627693: Recv: OidbSvc.0x899_9[0m
[92m2021-08-03 10:00:57 I/Net 1295627693: [ContactUpdater] Successfully loaded group list: 5 in total.[0m
[92m2021-08-03 10:00:57 I/Net 1295627693: [KeyRefreshProcessor] Scheduled key refresh in 23h 55min 0.0s.[0m
[92m2021-08-03 10:00:57 I/Net 1295627693: [KeyRefreshProcessor] Scheduled refresh login session in 19d 23h 55min 0.0s.[0m
[0m2021-08-03 10:00:58 V/Net 1295627693: Recv: ConfigPushSvc.PushReq[0m
[92m2021-08-03 10:00:58 I/Net 1295627693: [ServerList] Server list: 221.198.69.77:8080, 61.181.203.13:80, 153.3.50.212:14000, 61.181.203.13:80, 157.255.13.246:443, 153.3.50.180:80, 157.255.13.60:8080, 153.3.149.56:14000, msfwifi.3g.qq.com:8080, 221.198.69.46:80.[0m
[0m2021-08-03 10:00:58 V/Net 1295627693: [BotSessionSyncer] Saving bdh session to cache[0m
[0m2021-08-03 10:00:58 V/Net 1295627693: [BotSessionSyncer] Saving server list to cache[0m
[0m2021-08-03 10:00:58 V/Net 1295627693: Send: ConfigPushSvc.PushResp(ConfigPushSvc.PushResp)[0m
[0m2021-08-03 10:00:58 V/Net 1295627693: Recv: ConfigPushSvc.PushReq[0m
[0m2021-08-03 10:00:58 V/Net 1295627693: [BotSessionSyncer] Saving bdh session to cache[0m
[0m2021-08-03 10:00:58 V/Net 1295627693: Send: ConfigPushSvc.PushResp(ConfigPushSvc.PushResp)[0m
[0m2021-08-03 10:08:15 V/Net 1295627693: [BotSessionSyncer] Loading server list from cache.[0m
[92m2021-08-03 10:08:15 I/Net 1295627693: [ServerList] Server list: 221.198.69.77:8080, 61.181.203.13:80, 153.3.50.212:14000, 157.255.13.246:443, 153.3.50.180:80, 157.255.13.60:8080, 153.3.149.56:14000, msfwifi.3g.qq.com:8080, 221.198.69.46:80.[0m
[92m2021-08-03 10:08:16 I/Net 1295627693: [ECDHInitialPublicKeyUpdater] ECDH key is valid.[0m
[0m2021-08-03 10:08:16 V/Net 1295627693: Send: wtlogin.exchange_emp[0m
[0m2021-08-03 10:08:16 V/Net 1295627693: Recv: wtlogin.exchange_emp[0m
[0m2021-08-03 10:08:16 V/Net 1295627693: Send: StatSvc.register(online)[0m
[0m2021-08-03 10:08:16 V/Net 1295627693: Recv: StatSvc.register[0m
[0m2021-08-03 10:08:16 V/Net 1295627693: [BotSessionSyncer] Loading BdhSession from cache file[0m
[92m2021-08-03 10:08:16 I/Net 1295627693: [MessageSvcSyncer] Syncing friend message history...[0m
[92m2021-08-03 10:08:16 I/Net 1295627693: [ContactUpdater] Start loading friend list...[0m
[0m2021-08-03 10:08:16 V/Net 1295627693: Send: StatSvc.GetDevLoginInfo(StatSvc.GetDevLoginInfo)[0m
[92m2021-08-03 10:08:16 I/Net 1295627693: [ContactUpdater] Start loading stranger list...[0m
[0m2021-08-03 10:08:16 V/Net 1295627693: Send: OidbSvc.0x496(OidbSvc.0x496)[0m
[0m2021-08-03 10:08:16 V/Net 1295627693: Send: OidbSvc.0x5d2_0(OidbSvc.0x5d2_0)[0m
[0m2021-08-03 10:08:16 V/Net 1295627693: Send: friendlist.getFriendGroupList(friendlist.getFriendGroupList)[0m
[0m2021-08-03 10:08:16 V/Net 1295627693: Recv: OidbSvc.0x496[0m
[92m2021-08-03 10:08:16 I/Net 1295627693: [ContactUpdater] Start loading group list...[0m
[0m2021-08-03 10:08:16 V/Net 1295627693: Send: friendlist.GetTroopListReqV2(friendlist.GetTroopListReqV2)[0m
[0m2021-08-03 10:08:16 V/Net 1295627693: Recv: OidbSvc.0x5d2_0[0m
[0m2021-08-03 10:08:16 V/Net 1295627693: Recv: StatSvc.GetDevLoginInfo[0m
[92m2021-08-03 10:08:16 I/Net 1295627693: [OtherClientUpdater] No OtherClient online.[0m
[92m2021-08-03 10:08:16 I/Net 1295627693: [ContactUpdater] Successfully loaded stranger list: 1 in total[0m
[92m2021-08-03 10:08:17 I/Net 1295627693: [MessageSvcSyncer] Syncing friend message history: Success.[0m
[0m2021-08-03 10:08:17 V/Net 1295627693: Recv: friendlist.getFriendGroupList[0m
[0m2021-08-03 10:08:17 V/Net 1295627693: [ContactUpdater] Loading friend list: 24/24[0m
[92m2021-08-03 10:08:17 I/Net 1295627693: [ContactUpdater] Successfully loaded friend list: 24 in total[0m
[0m2021-08-03 10:08:17 V/Net 1295627693: Recv: friendlist.GetTroopListReqV2[0m
[0m2021-08-03 10:08:17 V/Net 1295627693: Send: friendlist.GetTroopMemberListReq(friendlist.GetTroopMemberListReq)[0m
[0m2021-08-03 10:08:17 V/Net 1295627693: Send: friendlist.GetTroopMemberListReq(friendlist.GetTroopMemberListReq)[0m
[0m2021-08-03 10:08:17 V/Net 1295627693: Send: friendlist.GetTroopMemberListReq(friendlist.GetTroopMemberListReq)[0m
[0m2021-08-03 10:08:17 V/Net 1295627693: Send: friendlist.GetTroopMemberListReq(friendlist.GetTroopMemberListReq)[0m
[0m2021-08-03 10:08:17 V/Net 1295627693: Send: friendlist.GetTroopMemberListReq(friendlist.GetTroopMemberListReq)[0m
[0m2021-08-03 10:08:17 V/Net 1295627693: Recv: friendlist.GetTroopMemberListReq[0m
[0m2021-08-03 10:08:17 V/Net 1295627693: Send: OidbSvc.0x899_9(OidbSvc.0x899_9)[0m
[0m2021-08-03 10:08:17 V/Net 1295627693: Recv: friendlist.GetTroopMemberListReq[0m
[0m2021-08-03 10:08:17 V/Net 1295627693: Send: OidbSvc.0x899_9(OidbSvc.0x899_9)[0m
[0m2021-08-03 10:08:17 V/Net 1295627693: Recv: friendlist.GetTroopMemberListReq[0m
[0m2021-08-03 10:08:17 V/Net 1295627693: Recv: friendlist.GetTroopMemberListReq[0m
[0m2021-08-03 10:08:17 V/Net 1295627693: Send: OidbSvc.0x899_9(OidbSvc.0x899_9)[0m
[0m2021-08-03 10:08:17 V/Net 1295627693: Send: OidbSvc.0x899_9(OidbSvc.0x899_9)[0m
[0m2021-08-03 10:08:17 V/Net 1295627693: Recv: friendlist.GetTroopMemberListReq[0m
[0m2021-08-03 10:08:17 V/Net 1295627693: Send: friendlist.GetTroopMemberListReq(friendlist.GetTroopMemberListReq)[0m
[0m2021-08-03 10:08:17 V/Net 1295627693: Recv: OidbSvc.0x899_9[0m
[0m2021-08-03 10:08:17 V/Net 1295627693: Recv: OidbSvc.0x899_9[0m
[0m2021-08-03 10:08:17 V/Net 1295627693: Recv: OidbSvc.0x899_9[0m
[0m2021-08-03 10:08:17 V/Net 1295627693: Recv: OidbSvc.0x899_9[0m
[0m2021-08-03 10:08:17 V/Net 1295627693: Recv: friendlist.GetTroopMemberListReq[0m
[0m2021-08-03 10:08:17 V/Net 1295627693: Send: friendlist.GetTroopMemberListReq(friendlist.GetTroopMemberListReq)[0m
[0m2021-08-03 10:08:17 V/Net 1295627693: Recv: friendlist.GetTroopMemberListReq[0m
[0m2021-08-03 10:08:17 V/Net 1295627693: Send: friendlist.GetTroopMemberListReq(friendlist.GetTroopMemberListReq)[0m
[0m2021-08-03 10:08:17 V/Net 1295627693: Recv: friendlist.GetTroopMemberListReq[0m
[0m2021-08-03 10:08:17 V/Net 1295627693: Send: friendlist.GetTroopMemberListReq(friendlist.GetTroopMemberListReq)[0m
[0m2021-08-03 10:08:17 V/Net 1295627693: Recv: friendlist.GetTroopMemberListReq[0m
[0m2021-08-03 10:08:17 V/Net 1295627693: Send: friendlist.GetTroopMemberListReq(friendlist.GetTroopMemberListReq)[0m
[0m2021-08-03 10:08:18 V/Net 1295627693: Recv: friendlist.GetTroopMemberListReq[0m
[0m2021-08-03 10:08:18 V/Net 1295627693: Send: OidbSvc.0x899_9(OidbSvc.0x899_9)[0m
[0m2021-08-03 10:08:18 V/Net 1295627693: Recv: OidbSvc.0x899_9[0m
[92m2021-08-03 10:08:18 I/Net 1295627693: [ContactUpdater] Successfully loaded group list: 5 in total.[0m
[92m2021-08-03 10:08:18 I/Net 1295627693: [KeyRefreshProcessor] Scheduled refresh login session in 19d 23h 55min 0.0s.[0m
[92m2021-08-03 10:08:18 I/Net 1295627693: [KeyRefreshProcessor] Scheduled key refresh in 23h 55min 0.0s.[0m
[0m2021-08-03 10:08:19 V/Net 1295627693: Recv: ConfigPushSvc.PushReq[0m
[0m2021-08-03 10:08:19 V/Net 1295627693: [BotSessionSyncer] Saving bdh session to cache[0m
[0m2021-08-03 10:08:19 V/Net 1295627693: Send: ConfigPushSvc.PushResp(ConfigPushSvc.PushResp)[0m
[0m2021-08-03 10:14:53 V/Net 1295627693: [BotSessionSyncer] Loading server list from cache.[0m
[92m2021-08-03 10:14:53 I/Net 1295627693: [ServerList] Server list: 221.198.69.77:8080, 61.181.203.13:80, 153.3.50.212:14000, 157.255.13.246:443, 153.3.50.180:80, 157.255.13.60:8080, 153.3.149.56:14000, msfwifi.3g.qq.com:8080, 221.198.69.46:80.[0m
[92m2021-08-03 10:14:53 I/Net 1295627693: [ECDHInitialPublicKeyUpdater] ECDH key is valid.[0m
[0m2021-08-03 10:14:54 V/Net 1295627693: Send: wtlogin.exchange_emp[0m
[0m2021-08-03 10:14:54 V/Net 1295627693: Recv: wtlogin.exchange_emp[0m
[0m2021-08-03 10:14:54 V/Net 1295627693: Send: StatSvc.register(online)[0m
[0m2021-08-03 10:14:54 V/Net 1295627693: Recv: StatSvc.register[0m
[0m2021-08-03 10:14:54 V/Net 1295627693: [BotSessionSyncer] Loading BdhSession from cache file[0m
[92m2021-08-03 10:14:54 I/Net 1295627693: [MessageSvcSyncer] Syncing friend message history...[0m
[92m2021-08-03 10:14:54 I/Net 1295627693: [ContactUpdater] Start loading friend list...[0m
[0m2021-08-03 10:14:54 V/Net 1295627693: Send: StatSvc.GetDevLoginInfo(StatSvc.GetDevLoginInfo)[0m
[92m2021-08-03 10:14:54 I/Net 1295627693: [ContactUpdater] Start loading stranger list...[0m
[0m2021-08-03 10:14:54 V/Net 1295627693: Send: OidbSvc.0x496(OidbSvc.0x496)[0m
[0m2021-08-03 10:14:54 V/Net 1295627693: Send: OidbSvc.0x5d2_0(OidbSvc.0x5d2_0)[0m
[0m2021-08-03 10:14:54 V/Net 1295627693: Send: friendlist.getFriendGroupList(friendlist.getFriendGroupList)[0m
[0m2021-08-03 10:14:54 V/Net 1295627693: Recv: OidbSvc.0x496[0m
[92m2021-08-03 10:14:54 I/Net 1295627693: [ContactUpdater] Start loading group list...[0m
[0m2021-08-03 10:14:54 V/Net 1295627693: Send: friendlist.GetTroopListReqV2(friendlist.GetTroopListReqV2)[0m
[0m2021-08-03 10:14:54 V/Net 1295627693: Recv: StatSvc.GetDevLoginInfo[0m
[92m2021-08-03 10:14:54 I/Net 1295627693: [OtherClientUpdater] No OtherClient online.[0m
[0m2021-08-03 10:14:54 V/Net 1295627693: Recv: OidbSvc.0x5d2_0[0m
[92m2021-08-03 10:14:54 I/Net 1295627693: [ContactUpdater] Successfully loaded stranger list: 1 in total[0m
[92m2021-08-03 10:14:54 I/Net 1295627693: [MessageSvcSyncer] Syncing friend message history: Success.[0m
[0m2021-08-03 10:14:54 V/Net 1295627693: Recv: friendlist.GetTroopListReqV2[0m
[0m2021-08-03 10:14:54 V/Net 1295627693: Recv: friendlist.getFriendGroupList[0m
[0m2021-08-03 10:14:54 V/Net 1295627693: [ContactUpdater] Loading friend list: 24/24[0m
[0m2021-08-03 10:14:54 V/Net 1295627693: Send: friendlist.GetTroopMemberListReq(friendlist.GetTroopMemberListReq)[0m
[0m2021-08-03 10:14:54 V/Net 1295627693: Send: friendlist.GetTroopMemberListReq(friendlist.GetTroopMemberListReq)[0m
[0m2021-08-03 10:14:54 V/Net 1295627693: Send: friendlist.GetTroopMemberListReq(friendlist.GetTroopMemberListReq)[0m
[0m2021-08-03 10:14:54 V/Net 1295627693: Send: friendlist.GetTroopMemberListReq(friendlist.GetTroopMemberListReq)[0m
[0m2021-08-03 10:14:54 V/Net 1295627693: Send: friendlist.GetTroopMemberListReq(friendlist.GetTroopMemberListReq)[0m
[92m2021-08-03 10:14:54 I/Net 1295627693: [ContactUpdater] Successfully loaded friend list: 24 in total[0m
[0m2021-08-03 10:14:54 V/Net 1295627693: Recv: friendlist.GetTroopMemberListReq[0m
[0m2021-08-03 10:14:54 V/Net 1295627693: Send: OidbSvc.0x899_9(OidbSvc.0x899_9)[0m
[0m2021-08-03 10:14:54 V/Net 1295627693: Recv: friendlist.GetTroopMemberListReq[0m
[0m2021-08-03 10:14:54 V/Net 1295627693: Recv: friendlist.GetTroopMemberListReq[0m
[0m2021-08-03 10:14:54 V/Net 1295627693: Send: OidbSvc.0x899_9(OidbSvc.0x899_9)[0m
[0m2021-08-03 10:14:54 V/Net 1295627693: Send: OidbSvc.0x899_9(OidbSvc.0x899_9)[0m
[0m2021-08-03 10:14:54 V/Net 1295627693: Recv: friendlist.GetTroopMemberListReq[0m
[0m2021-08-03 10:14:54 V/Net 1295627693: Send: OidbSvc.0x899_9(OidbSvc.0x899_9)[0m
[0m2021-08-03 10:14:54 V/Net 1295627693: Recv: friendlist.GetTroopMemberListReq[0m
[0m2021-08-03 10:14:54 V/Net 1295627693: Send: friendlist.GetTroopMemberListReq(friendlist.GetTroopMemberListReq)[0m
[0m2021-08-03 10:14:54 V/Net 1295627693: Recv: OidbSvc.0x899_9[0m
[0m2021-08-03 10:14:54 V/Net 1295627693: Recv: OidbSvc.0x899_9[0m
[0m2021-08-03 10:14:54 V/Net 1295627693: Recv: OidbSvc.0x899_9[0m
[0m2021-08-03 10:14:54 V/Net 1295627693: Recv: OidbSvc.0x899_9[0m
[0m2021-08-03 10:14:54 V/Net 1295627693: Recv: friendlist.GetTroopMemberListReq[0m
[0m2021-08-03 10:14:54 V/Net 1295627693: Send: friendlist.GetTroopMemberListReq(friendlist.GetTroopMemberListReq)[0m
[0m2021-08-03 10:14:55 V/Net 1295627693: Recv: friendlist.GetTroopMemberListReq[0m
[0m2021-08-03 10:14:55 V/Net 1295627693: Send: friendlist.GetTroopMemberListReq(friendlist.GetTroopMemberListReq)[0m
[0m2021-08-03 10:14:55 V/Net 1295627693: Recv: friendlist.GetTroopMemberListReq[0m
[0m2021-08-03 10:14:55 V/Net 1295627693: Send: friendlist.GetTroopMemberListReq(friendlist.GetTroopMemberListReq)[0m
[0m2021-08-03 10:14:55 V/Net 1295627693: Recv: friendlist.GetTroopMemberListReq[0m
[0m2021-08-03 10:14:55 V/Net 1295627693: Send: friendlist.GetTroopMemberListReq(friendlist.GetTroopMemberListReq)[0m
[0m2021-08-03 10:14:55 V/Net 1295627693: Recv: friendlist.GetTroopMemberListReq[0m
[0m2021-08-03 10:14:55 V/Net 1295627693: Send: OidbSvc.0x899_9(OidbSvc.0x899_9)[0m
[0m2021-08-03 10:14:55 V/Net 1295627693: Recv: OidbSvc.0x899_9[0m
[92m2021-08-03 10:14:55 I/Net 1295627693: [ContactUpdater] Successfully loaded group list: 5 in total.[0m
[92m2021-08-03 10:14:55 I/Net 1295627693: [KeyRefreshProcessor] Scheduled refresh login session in 19d 23h 55min 0.0s.[0m
[92m2021-08-03 10:14:55 I/Net 1295627693: [KeyRefreshProcessor] Scheduled key refresh in 23h 55min 0.0s.[0m
[0m2021-08-03 10:14:57 V/Net 1295627693: Recv: ConfigPushSvc.PushReq[0m
[0m2021-08-03 10:14:57 V/Net 1295627693: [BotSessionSyncer] Saving bdh session to cache[0m
[0m2021-08-03 10:14:57 V/Net 1295627693: Send: ConfigPushSvc.PushResp(ConfigPushSvc.PushResp)[0m
[91m2021-08-03 10:15:15 W/Net 1295627693: NettyChannelException(message=null, cause=java.net.SocketException: Connection reset)
NettyChannelException(message=null, cause=java.net.SocketException: Connection reset)
	at net.mamoe.mirai.internal.network.impl.netty.NettyNetworkHandler$handlePipelineException$1.invoke(NettyNetworkHandler.kt:68)
	at net.mamoe.mirai.internal.network.impl.netty.NettyNetworkHandler$handlePipelineException$1.invoke(NettyNetworkHandler.kt:68)
	at net.mamoe.mirai.internal.network.handler.NetworkHandlerSupport.setStateImpl$mirai_core(NetworkHandlerSupport.kt:250)
	at net.mamoe.mirai.internal.network.impl.netty.NettyNetworkHandler.handlePipelineException(NettyNetworkHandler.kt:419)
	at net.mamoe.mirai.internal.network.impl.netty.NettyNetworkHandler$setupChannelPipeline$1.exceptionCaught(NettyNetworkHandler.kt:109)
	at io.netty.channel.AbstractChannelHandlerContext.invokeExceptionCaught(AbstractChannelHandlerContext.java:302)
	at io.netty.channel.AbstractChannelHandlerContext.invokeExceptionCaught(AbstractChannelHandlerContext.java:281)
	at io.netty.channel.AbstractChannelHandlerContext.fireExceptionCaught(AbstractChannelHandlerContext.java:273)
	at io.netty.channel.DefaultChannelPipeline$HeadContext.exceptionCaught(DefaultChannelPipeline.java:1377)
	at io.netty.channel.AbstractChannelHandlerContext.invokeExceptionCaught(AbstractChannelHandlerContext.java:302)
	at io.netty.channel.AbstractChannelHandlerContext.invokeExceptionCaught(AbstractChannelHandlerContext.java:281)
	at io.netty.channel.DefaultChannelPipeline.fireExceptionCaught(DefaultChannelPipeline.java:907)
	at io.netty.channel.nio.AbstractNioByteChannel$NioByteUnsafe.handleReadException(AbstractNioByteChannel.java:125)
	at io.netty.channel.nio.AbstractNioByteChannel$NioByteUnsafe.read(AbstractNioByteChannel.java:177)
	at io.netty.channel.nio.NioEventLoop.processSelectedKey(NioEventLoop.java:719)
	at io.netty.channel.nio.NioEventLoop.processSelectedKeysOptimized(NioEventLoop.java:655)
	at io.netty.channel.nio.NioEventLoop.processSelectedKeys(NioEventLoop.java:581)
	at io.netty.channel.nio.NioEventLoop.run(NioEventLoop.java:493)
	at io.netty.util.concurrent.SingleThreadEventExecutor$4.run(SingleThreadEventExecutor.java:989)
	at io.netty.util.internal.ThreadExecutorMap$2.run(ThreadExecutorMap.java:74)
	at io.netty.util.concurrent.FastThreadLocalRunnable.run(FastThreadLocalRunnable.java:30)
	at java.base/java.lang.Thread.run(Thread.java:832)
Caused by: java.net.SocketException: Connection reset
	at java.base/sun.nio.ch.SocketChannelImpl.throwConnectionReset(SocketChannelImpl.java:367)
	at java.base/sun.nio.ch.SocketChannelImpl.read(SocketChannelImpl.java:398)
	at io.netty.buffer.PooledByteBuf.setBytes(PooledByteBuf.java:253)
	at io.netty.buffer.AbstractByteBuf.writeBytes(AbstractByteBuf.java:1132)
	at io.netty.channel.socket.nio.NioSocketChannel.doReadBytes(NioSocketChannel.java:350)
	at io.netty.channel.nio.AbstractNioByteChannel$NioByteUnsafe.read(AbstractNioByteChannel.java:151)
	... 8 more
[0m
[91m2021-08-03 10:15:15 W/Net 1295627693: io.netty.channel.AbstractChannel$AnnotatedSocketException: Network is unreachable: no further information: /163.177.89.195:443
io.netty.channel.AbstractChannel$AnnotatedSocketException: Network is unreachable: no further information: /163.177.89.195:443
	Suppressed: kotlinx.coroutines.JobCancellationException: Parent job is Cancelling; job=JobImpl{Cancelled}@43747d46
	Caused by: [CIRCULAR REFERENCE: io.netty.channel.AbstractChannel$AnnotatedSocketException: Network is unreachable: no further information: /163.177.89.195:443]
	Suppressed: [CIRCULAR REFERENCE: kotlinx.coroutines.JobCancellationException: Parent job is Cancelling; job=JobImpl{Cancelled}@43747d46]
Caused by: java.net.SocketException: Network is unreachable: no further information
	at java.base/sun.nio.ch.Net.pollConnect(Native Method)
	at java.base/sun.nio.ch.Net.pollConnectNow(Net.java:660)
	at java.base/sun.nio.ch.SocketChannelImpl.finishConnect(SocketChannelImpl.java:875)
	at io.netty.channel.socket.nio.NioSocketChannel.doFinishConnect(NioSocketChannel.java:330)
	at io.netty.channel.nio.AbstractNioChannel$AbstractNioUnsafe.finishConnect(AbstractNioChannel.java:334)
	at io.netty.channel.nio.NioEventLoop.processSelectedKey(NioEventLoop.java:707)
	at io.netty.channel.nio.NioEventLoop.processSelectedKeysOptimized(NioEventLoop.java:655)
	at io.netty.channel.nio.NioEventLoop.processSelectedKeys(NioEventLoop.java:581)
	at io.netty.channel.nio.NioEventLoop.run(NioEventLoop.java:493)
	at io.netty.util.concurrent.SingleThreadEventExecutor$4.run(SingleThreadEventExecutor.java:989)
	at io.netty.util.internal.ThreadExecutorMap$2.run(ThreadExecutorMap.java:74)
	at io.netty.util.concurrent.FastThreadLocalRunnable.run(FastThreadLocalRunnable.java:30)
	at java.base/java.lang.Thread.run(Thread.java:832)
[0m
[91m2021-08-03 10:15:18 W/Net 1295627693: java.net.UnknownHostException: 不知道这样的主机。 (msfwifi.3g.qq.com)
java.net.UnknownHostException: 不知道这样的主机。 (msfwifi.3g.qq.com)
	at java.base/java.net.Inet6AddressImpl.lookupAllHostAddr(Native Method)
	at java.base/java.net.InetAddress$PlatformNameService.lookupAllHostAddr(InetAddress.java:932)
	at java.base/java.net.InetAddress.getAddressesFromNameService(InetAddress.java:1517)
	at java.base/java.net.InetAddress$NameServiceAddresses.get(InetAddress.java:851)
	at java.base/java.net.InetAddress.getAllByName0(InetAddress.java:1507)
	at java.base/java.net.InetAddress.getAllByName(InetAddress.java:1366)
	at java.base/java.net.InetAddress.getAllByName(InetAddress.java:1300)
	at java.base/java.net.InetAddress.getByName(InetAddress.java:1250)
	at io.netty.util.internal.SocketUtils$8.run(SocketUtils.java:156)
	at io.netty.util.internal.SocketUtils$8.run(SocketUtils.java:153)
	at java.base/java.security.AccessController.doPrivileged(AccessController.java:554)
	at io.netty.util.internal.SocketUtils.addressByName(SocketUtils.java:153)
	at io.netty.resolver.DefaultNameResolver.doResolve(DefaultNameResolver.java:41)
	at io.netty.resolver.SimpleNameResolver.resolve(SimpleNameResolver.java:61)
	at io.netty.resolver.SimpleNameResolver.resolve(SimpleNameResolver.java:53)
	at io.netty.resolver.InetSocketAddressResolver.doResolve(InetSocketAddressResolver.java:55)
	at io.netty.resolver.InetSocketAddressResolver.doResolve(InetSocketAddressResolver.java:31)
	at io.netty.resolver.AbstractAddressResolver.resolve(AbstractAddressResolver.java:106)
	at io.netty.bootstrap.Bootstrap.doResolveAndConnect0(Bootstrap.java:206)
	at io.netty.bootstrap.Bootstrap.access$000(Bootstrap.java:46)
	at io.netty.bootstrap.Bootstrap$1.operationComplete(Bootstrap.java:180)
	at io.netty.bootstrap.Bootstrap$1.operationComplete(Bootstrap.java:166)
	at io.netty.util.concurrent.DefaultPromise.notifyListener0(DefaultPromise.java:578)
	at io.netty.util.concurrent.DefaultPromise.notifyListenersNow(DefaultPromise.java:552)
	at io.netty.util.concurrent.DefaultPromise.notifyListeners(DefaultPromise.java:491)
	at io.netty.util.concurrent.DefaultPromise.setValue0(DefaultPromise.java:616)
	at io.netty.util.concurrent.DefaultPromise.setSuccess0(DefaultPromise.java:605)
	at io.netty.util.concurrent.DefaultPromise.trySuccess(DefaultPromise.java:104)
	at io.netty.channel.DefaultChannelPromise.trySuccess(DefaultChannelPromise.java:84)
	at io.netty.channel.AbstractChannel$AbstractUnsafe.safeSetSuccess(AbstractChannel.java:1012)
	at io.netty.channel.AbstractChannel$AbstractUnsafe.register0(AbstractChannel.java:516)
	at io.netty.channel.AbstractChannel$AbstractUnsafe.access$200(AbstractChannel.java:429)
	at io.netty.channel.AbstractChannel$AbstractUnsafe$1.run(AbstractChannel.java:486)
	at io.netty.util.concurrent.AbstractEventExecutor.safeExecute(AbstractEventExecutor.java:164)
	at io.netty.util.concurrent.SingleThreadEventExecutor.runAllTasks(SingleThreadEventExecutor.java:472)
	at io.netty.channel.nio.NioEventLoop.run(NioEventLoop.java:500)
	at io.netty.util.concurrent.SingleThreadEventExecutor$4.run(SingleThreadEventExecutor.java:989)
	at io.netty.util.internal.ThreadExecutorMap$2.run(ThreadExecutorMap.java:74)
	at io.netty.util.concurrent.FastThreadLocalRunnable.run(FastThreadLocalRunnable.java:30)
	at java.base/java.lang.Thread.run(Thread.java:832)
	Suppressed: kotlinx.coroutines.JobCancellationException: Parent job is Cancelling; job=JobImpl{Cancelled}@42148fbe
	Caused by: [CIRCULAR REFERENCE: java.net.UnknownHostException: 不知道这样的主机。 (msfwifi.3g.qq.com)]
	Suppressed: [CIRCULAR REFERENCE: kotlinx.coroutines.JobCancellationException: Parent job is Cancelling; job=JobImpl{Cancelled}@42148fbe]
[0m
