[0m2021-07-14 23:13:46 V/Net 1295627693: [BotSessionSyncer] No server list cached.[0m
[92m2021-07-14 23:13:47 I/Net 1295627693: [ECDHInitialPublicKeyUpdater] ECDH key is invalid, start to fetch ecdh public key from server.[0m
[92m2021-07-14 23:13:47 I/Net 1295627693: [ECDHInitialPublicKeyUpdater] Successfully fetched ecdh public key from server.[0m
[0m2021-07-14 23:13:47 V/Net 1295627693: Send: wtlogin.login[0m
[0m2021-07-14 23:13:48 V/Net 1295627693: Recv: wtlogin.login[0m
[0m2021-07-14 23:15:36 V/Net 1295627693: Send: wtlogin.login[0m
[0m2021-07-14 23:15:36 V/Net 1295627693: Recv: wtlogin.login[0m
[0m2021-07-14 23:20:47 V/Net 1295627693: Send: wtlogin.login[0m
[0m2021-07-14 23:20:52 V/Net 1295627693: Send: wtlogin.login[0m
[91m2021-07-14 23:20:57 W/Net 1295627693: kotlinx.coroutines.TimeoutCancellationException: Timed out waiting for 5000 ms
kotlinx.coroutines.TimeoutCancellationException: Timed out waiting for 5000 ms
	at kotlinx.coroutines.TimeoutKt.TimeoutCancellationException(Timeout.kt:186)
	at kotlinx.coroutines.TimeoutCoroutine.run(Timeout.kt:156)
	at kotlinx.coroutines.EventLoopImplBase$DelayedRunnableTask.run(EventLoop.common.kt:497)
	at kotlinx.coroutines.EventLoopImplBase.processNextEvent(EventLoop.common.kt:274)
	at kotlinx.coroutines.DefaultExecutor.run(DefaultExecutor.kt:69)
	at java.base/java.lang.Thread.run(Thread.java:832)
[0m
[0m2021-07-14 23:20:57 V/Net 1295627693: [BotSessionSyncer] No server list cached.[0m
[92m2021-07-14 23:20:57 I/Net 1295627693: [ECDHInitialPublicKeyUpdater] ECDH key is valid.[0m
[0m2021-07-14 23:20:57 V/Net 1295627693: Send: wtlogin.login[0m
[0m2021-07-14 23:20:57 V/Net 1295627693: Recv: wtlogin.login[0m
[0m2021-07-14 23:20:57 V/Net 1295627693: Send: wtlogin.login[0m
[0m2021-07-14 23:20:57 V/Net 1295627693: Recv: wtlogin.login[0m
[0m2021-07-14 23:20:57 V/Net 1295627693: Send: StatSvc.register(online)[0m
[0m2021-07-14 23:20:58 V/Net 1295627693: Recv: StatSvc.register[0m
[0m2021-07-14 23:20:58 V/Net 1295627693: [BotSessionSyncer] No BdhSession cache[0m
[92m2021-07-14 23:20:58 I/Net 1295627693: [MessageSvcSyncer] Syncing friend message history...[0m
[92m2021-07-14 23:20:58 I/Net 1295627693: [ContactUpdater] Start loading stranger list...[0m
[0m2021-07-14 23:20:58 V/Net 1295627693: Send: StatSvc.GetDevLoginInfo(StatSvc.GetDevLoginInfo)[0m
[92m2021-07-14 23:20:58 I/Net 1295627693: [ContactUpdater] Start loading friend list...[0m
[0m2021-07-14 23:20:58 V/Net 1295627693: Send: OidbSvc.0x496(OidbSvc.0x496)[0m
[0m2021-07-14 23:20:58 V/Net 1295627693: Send: OidbSvc.0x5d2_0(OidbSvc.0x5d2_0)[0m
[0m2021-07-14 23:20:58 V/Net 1295627693: Send: friendlist.getFriendGroupList(friendlist.getFriendGroupList)[0m
[0m2021-07-14 23:20:58 V/Net 1295627693: Recv: StatSvc.GetDevLoginInfo[0m
[92m2021-07-14 23:20:58 I/Net 1295627693: [OtherClientUpdater] No OtherClient online.[0m
[0m2021-07-14 23:20:58 V/Net 1295627693: Recv: OidbSvc.0x5d2_0[0m
[0m2021-07-14 23:20:58 V/Net 1295627693: Recv: OidbSvc.0x496[0m
[92m2021-07-14 23:20:58 I/Net 1295627693: [ContactUpdater] Successfully loaded stranger list: 1 in total[0m
[92m2021-07-14 23:20:58 I/Net 1295627693: [ContactUpdater] Start loading group list...[0m
[0m2021-07-14 23:20:58 V/Net 1295627693: Send: friendlist.GetTroopListReqV2(friendlist.GetTroopListReqV2)[0m
[0m2021-07-14 23:20:58 V/Net 1295627693: Recv: friendlist.getFriendGroupList[0m
[0m2021-07-14 23:20:58 V/Net 1295627693: [ContactUpdater] Loading friend list: 23/23[0m
[92m2021-07-14 23:20:58 I/Net 1295627693: [ContactUpdater] Successfully loaded friend list: 23 in total[0m
[0m2021-07-14 23:20:58 V/Net 1295627693: Recv: friendlist.GetTroopListReqV2[0m
[0m2021-07-14 23:20:58 V/Net 1295627693: Send: friendlist.GetTroopMemberListReq(friendlist.GetTroopMemberListReq)[0m
[0m2021-07-14 23:20:58 V/Net 1295627693: Send: friendlist.GetTroopMemberListReq(friendlist.GetTroopMemberListReq)[0m
[0m2021-07-14 23:20:58 V/Net 1295627693: Send: friendlist.GetTroopMemberListReq(friendlist.GetTroopMemberListReq)[0m
[92m2021-07-14 23:20:58 I/Net 1295627693: [MessageSvcSyncer] Syncing friend message history: Success.[0m
[0m2021-07-14 23:20:58 V/Net 1295627693: Recv: friendlist.GetTroopMemberListReq[0m
[0m2021-07-14 23:20:58 V/Net 1295627693: Send: OidbSvc.0x899_9(OidbSvc.0x899_9)[0m
[0m2021-07-14 23:20:58 V/Net 1295627693: Recv: friendlist.GetTroopMemberListReq[0m
[0m2021-07-14 23:20:58 V/Net 1295627693: Send: OidbSvc.0x899_9(OidbSvc.0x899_9)[0m
[0m2021-07-14 23:20:58 V/Net 1295627693: Recv: friendlist.GetTroopMemberListReq[0m
[0m2021-07-14 23:20:58 V/Net 1295627693: Send: friendlist.GetTroopMemberListReq(friendlist.GetTroopMemberListReq)[0m
[0m2021-07-14 23:20:58 V/Net 1295627693: Recv: OidbSvc.0x899_9[0m
[0m2021-07-14 23:20:58 V/Net 1295627693: Recv: OidbSvc.0x899_9[0m
[0m2021-07-14 23:20:58 V/Net 1295627693: Recv: friendlist.GetTroopMemberListReq[0m
[0m2021-07-14 23:20:58 V/Net 1295627693: Send: friendlist.GetTroopMemberListReq(friendlist.GetTroopMemberListReq)[0m
[0m2021-07-14 23:20:58 V/Net 1295627693: Recv: friendlist.GetTroopMemberListReq[0m
[0m2021-07-14 23:20:58 V/Net 1295627693: Send: friendlist.GetTroopMemberListReq(friendlist.GetTroopMemberListReq)[0m
[0m2021-07-14 23:20:59 V/Net 1295627693: Recv: friendlist.GetTroopMemberListReq[0m
[0m2021-07-14 23:20:59 V/Net 1295627693: Send: friendlist.GetTroopMemberListReq(friendlist.GetTroopMemberListReq)[0m
[0m2021-07-14 23:20:59 V/Net 1295627693: Recv: friendlist.GetTroopMemberListReq[0m
[0m2021-07-14 23:20:59 V/Net 1295627693: Send: friendlist.GetTroopMemberListReq(friendlist.GetTroopMemberListReq)[0m
[0m2021-07-14 23:20:59 V/Net 1295627693: Recv: friendlist.GetTroopMemberListReq[0m
[0m2021-07-14 23:20:59 V/Net 1295627693: Send: OidbSvc.0x899_9(OidbSvc.0x899_9)[0m
[0m2021-07-14 23:20:59 V/Net 1295627693: Recv: OidbSvc.0x899_9[0m
[92m2021-07-14 23:20:59 I/Net 1295627693: [ContactUpdater] Successfully loaded group list: 3 in total.[0m
[92m2021-07-14 23:20:59 I/Net 1295627693: [KeyRefreshProcessor] Scheduled refresh login session in 19d 23h 55min 0.0s.[0m
[92m2021-07-14 23:20:59 I/Net 1295627693: [KeyRefreshProcessor] Scheduled key refresh in 23h 55min 0.0s.[0m
[0m2021-07-14 23:21:01 V/Net 1295627693: Recv: ConfigPushSvc.PushReq[0m
[92m2021-07-14 23:21:01 I/Net 1295627693: [ServerList] Server list: 114.221.148.49:8080, 180.109.156.246:8080, 14.22.5.202:443, 180.109.156.44:80, 113.96.13.208:443, 42.81.172.147:80, 42.81.172.207:443, 42.81.192.211:14000, msfwifi.3g.qq.com:8080, 42.81.172.147:8080.[0m
[0m2021-07-14 23:21:01 V/Net 1295627693: [BotSessionSyncer] No BdhSession to save to cache[0m
[0m2021-07-14 23:21:01 V/Net 1295627693: [BotSessionSyncer] Saving server list to cache[0m
[0m2021-07-14 23:21:01 V/Net 1295627693: Send: ConfigPushSvc.PushResp(ConfigPushSvc.PushResp)[0m
[0m2021-07-14 23:21:01 V/Net 1295627693: Recv: ConfigPushSvc.PushReq[0m
[0m2021-07-14 23:21:01 V/Net 1295627693: [BotSessionSyncer] Saving bdh session to cache[0m
[0m2021-07-14 23:21:01 V/Net 1295627693: Send: ConfigPushSvc.PushResp(ConfigPushSvc.PushResp)[0m
[0m2021-07-14 23:22:59 V/Net 1295627693: Send: friendlist.GetTroopListReqV2(friendlist.GetTroopListReqV2)[0m
[0m2021-07-14 23:22:59 V/Net 1295627693: Send: ProfileService.Pb.ReqSystemMsgNew.Group(ProfileService.Pb.ReqSystemMsgNew.Group)[0m
[0m2021-07-14 23:22:59 V/Net 1295627693: Recv: friendlist.GetTroopListReqV2[0m
[0m2021-07-14 23:22:59 V/Net 1295627693: Send: friendlist.GetTroopMemberListReq(friendlist.GetTroopMemberListReq)[0m
[0m2021-07-14 23:22:59 V/Net 1295627693: Recv: friendlist.GetTroopMemberListReq[0m
[0m2021-07-14 23:22:59 V/Net 1295627693: Send: OidbSvc.0x899_9(OidbSvc.0x899_9)[0m
[0m2021-07-14 23:22:59 V/Net 1295627693: Recv: OidbSvc.0x899_9[0m
[0m2021-07-14 23:53:30 V/Net 1295627693: [BotSessionSyncer] Loading server list from cache.[0m
[92m2021-07-14 23:53:30 I/Net 1295627693: [ServerList] Server list: 114.221.148.49:8080, 180.109.156.246:8080, 14.22.5.202:443, 180.109.156.44:80, 113.96.13.208:443, 42.81.172.147:80, 42.81.172.207:443, 42.81.192.211:14000, msfwifi.3g.qq.com:8080, 42.81.172.147:8080.[0m
[92m2021-07-14 23:53:31 I/Net 1295627693: [ECDHInitialPublicKeyUpdater] ECDH key is valid.[0m
[0m2021-07-14 23:53:31 V/Net 1295627693: Send: wtlogin.exchange_emp[0m
[0m2021-07-14 23:53:31 V/Net 1295627693: Recv: wtlogin.exchange_emp[0m
[0m2021-07-14 23:53:31 V/Net 1295627693: Send: StatSvc.register(online)[0m
[0m2021-07-14 23:53:31 V/Net 1295627693: Recv: StatSvc.register[0m
[0m2021-07-14 23:53:31 V/Net 1295627693: [BotSessionSyncer] Loading BdhSession from cache file[0m
[92m2021-07-14 23:53:31 I/Net 1295627693: [MessageSvcSyncer] Syncing friend message history...[0m
[92m2021-07-14 23:53:31 I/Net 1295627693: [ContactUpdater] Start loading friend list...[0m
[92m2021-07-14 23:53:31 I/Net 1295627693: [ContactUpdater] Start loading stranger list...[0m
[0m2021-07-14 23:53:31 V/Net 1295627693: Send: StatSvc.GetDevLoginInfo(StatSvc.GetDevLoginInfo)[0m
[0m2021-07-14 23:53:31 V/Net 1295627693: Send: OidbSvc.0x496(OidbSvc.0x496)[0m
[0m2021-07-14 23:53:31 V/Net 1295627693: Send: OidbSvc.0x5d2_0(OidbSvc.0x5d2_0)[0m
[0m2021-07-14 23:53:31 V/Net 1295627693: Send: friendlist.getFriendGroupList(friendlist.getFriendGroupList)[0m
[0m2021-07-14 23:53:31 V/Net 1295627693: Recv: MessageSvc.PushForceOffline[0m
[31m2021-07-14 23:53:31 E/Net 1295627693: Exception in coroutine 'unnamed'
net.mamoe.mirai.internal.network.impl.netty.ForceOfflineException: ä½ çš„å¸å·äº23:46åœ¨å¦ä¸€å°Androidæ‰‹æœºç™»å½•äº†QQã€‚å¦‚éæœ¬äººæ“ä½œï¼Œåˆ™å¯†ç å¯èƒ½å·²æ³„éœ²ï¼Œå»ºè®®å‰å¾€http://aq.qq.com/ä¿®æ”¹å¯†ç æˆ–ç´§æ€¥å†»ç»“å¸å·ã€‚
	at net.mamoe.mirai.internal.network.protocol.packet.chat.receive.MessageSvcPushForceOffline.handle(MessageSvc.PushForceOffline.kt:35)
	at net.mamoe.mirai.internal.network.protocol.packet.chat.receive.MessageSvcPushForceOffline.handle(MessageSvc.PushForceOffline.kt:25)
	at net.mamoe.mirai.internal.network.components.CallPacketFactoryPacketHandler.handlePacket(PacketHandler.kt:110)
	at net.mamoe.mirai.internal.network.components.PacketHandlerChain.handlePacket(PacketHandler.kt:42)
	at net.mamoe.mirai.internal.network.handler.NetworkHandlerSupport$collectReceived$3.invokeSuspend(NetworkHandlerSupport.kt:83)
	at net.mamoe.mirai.internal.network.handler.NetworkHandlerSupport$collectReceived$3.invoke(NetworkHandlerSupport.kt)
	at net.mamoe.mirai.internal.network.handler.NetworkHandlerSupport$collectReceived$3.invoke(NetworkHandlerSupport.kt)
	at kotlinx.coroutines.intrinsics.UndispatchedKt.startCoroutineUndispatched(Undispatched.kt:55)
	at kotlinx.coroutines.CoroutineStart.invoke(CoroutineStart.kt:112)
	at kotlinx.coroutines.AbstractCoroutine.start(AbstractCoroutine.kt:126)
	at kotlinx.coroutines.BuildersKt__Builders_commonKt.launch(Builders.common.kt:56)
	at kotlinx.coroutines.BuildersKt.launch(Unknown Source)
	at kotlinx.coroutines.BuildersKt__Builders_commonKt.launch$default(Builders.common.kt:47)
	at kotlinx.coroutines.BuildersKt.launch$default(Unknown Source)
	at net.mamoe.mirai.internal.network.handler.NetworkHandlerSupport.collectReceived$mirai_core(NetworkHandlerSupport.kt:81)
	at net.mamoe.mirai.internal.network.impl.netty.NettyNetworkHandler$PacketDecodePipeline$2$1.invokeSuspend(NettyNetworkHandler.kt:186)
	at kotlin.coroutines.jvm.internal.BaseContinuationImpl.resumeWith(ContinuationImpl.kt:33)
	at kotlinx.coroutines.DispatchedTask.run(DispatchedTask.kt:106)
	at kotlinx.coroutines.scheduling.CoroutineScheduler.runSafely(CoroutineScheduler.kt:571)
	at kotlinx.coroutines.scheduling.CoroutineScheduler$Worker.executeTask(CoroutineScheduler.kt:750)
	at kotlinx.coroutines.scheduling.CoroutineScheduler$Worker.runWorker(CoroutineScheduler.kt:678)
	at kotlinx.coroutines.scheduling.CoroutineScheduler$Worker.run(CoroutineScheduler.kt:665)
	Suppressed: java.util.concurrent.CancellationException: NetworkHandler closed
		at kotlinx.coroutines.ExceptionsKt.CancellationException(Exceptions.kt:22)
		at kotlinx.coroutines.JobKt__JobKt.cancel(Job.kt:608)
		at kotlinx.coroutines.JobKt.cancel(Unknown Source)
		at net.mamoe.mirai.internal.network.handler.NetworkHandlerSupport.close(NetworkHandlerSupport.kt:54)
		at net.mamoe.mirai.internal.network.impl.netty.NettyNetworkHandler.close(NettyNetworkHandler.kt:203)
		at net.mamoe.mirai.internal.network.handler.selector.SelectorNetworkHandler.close(SelectorNetworkHandler.kt:79)
		... 22 more
	Caused by: [CIRCULAR REFERENCE: net.mamoe.mirai.internal.network.impl.netty.ForceOfflineException: ä½ çš„å¸å·äº23:46åœ¨å¦ä¸€å°Androidæ‰‹æœºç™»å½•äº†QQã€‚å¦‚éæœ¬äººæ“ä½œï¼Œåˆ™å¯†ç å¯èƒ½å·²æ³„éœ²ï¼Œå»ºè®®å‰å¾€http://aq.qq.com/ä¿®æ”¹å¯†ç æˆ–ç´§æ€¥å†»ç»“å¸å·ã€‚]
[0m
[91m2021-07-14 23:53:31 W/Net 1295627693: [BotInitProcessor] An exception was thrown during initialization process of Bot 1295627693. Trying to ignore the error and continue logging in...
StateSwitchingException(old=StateLoading, new=StateClosed, cause=net.mamoe.mirai.internal.network.impl.netty.ForceOfflineException: ä½ çš„å¸å·äº23:46åœ¨å¦ä¸€å°Androidæ‰‹æœºç™»å½•äº†QQã€‚å¦‚éæœ¬äººæ“ä½œï¼Œåˆ™å¯†ç å¯èƒ½å·²æ³„éœ²ï¼Œå»ºè®®å‰å¾€http://aq.qq.com/ä¿®æ”¹å¯†ç æˆ–ç´§æ€¥å†»ç»“å¸å·ã€‚)
	at net.mamoe.mirai.internal.network.handler.NetworkHandlerSupport.setStateImpl$mirai_core(NetworkHandlerSupport.kt:260)
	at net.mamoe.mirai.internal.network.impl.netty.NettyNetworkHandler.close(NettyNetworkHandler.kt:422)
	at net.mamoe.mirai.internal.network.handler.selector.SelectorNetworkHandler.close(SelectorNetworkHandler.kt:79)
	at net.mamoe.mirai.internal.network.protocol.packet.chat.receive.MessageSvcPushForceOffline.handle(MessageSvc.PushForceOffline.kt:35)
	at net.mamoe.mirai.internal.network.protocol.packet.chat.receive.MessageSvcPushForceOffline.handle(MessageSvc.PushForceOffline.kt:25)
	at net.mamoe.mirai.internal.network.components.CallPacketFactoryPacketHandler.handlePacket(PacketHandler.kt:110)
	at net.mamoe.mirai.internal.network.components.PacketHandlerChain.handlePacket(PacketHandler.kt:42)
	at net.mamoe.mirai.internal.network.handler.NetworkHandlerSupport$collectReceived$3.invokeSuspend(NetworkHandlerSupport.kt:83)
	at net.mamoe.mirai.internal.network.handler.NetworkHandlerSupport$collectReceived$3.invoke(NetworkHandlerSupport.kt)
	at net.mamoe.mirai.internal.network.handler.NetworkHandlerSupport$collectReceived$3.invoke(NetworkHandlerSupport.kt)
	at kotlinx.coroutines.intrinsics.UndispatchedKt.startCoroutineUndispatched(Undispatched.kt:55)
	at kotlinx.coroutines.CoroutineStart.invoke(CoroutineStart.kt:112)
	at kotlinx.coroutines.AbstractCoroutine.start(AbstractCoroutine.kt:126)
	at kotlinx.coroutines.BuildersKt__Builders_commonKt.launch(Builders.common.kt:56)
	at kotlinx.coroutines.BuildersKt.launch(Unknown Source)
	at kotlinx.coroutines.BuildersKt__Builders_commonKt.launch$default(Builders.common.kt:47)
	at kotlinx.coroutines.BuildersKt.launch$default(Unknown Source)
	at net.mamoe.mirai.internal.network.handler.NetworkHandlerSupport.collectReceived$mirai_core(NetworkHandlerSupport.kt:81)
	at net.mamoe.mirai.internal.network.impl.netty.NettyNetworkHandler$PacketDecodePipeline$2$1.invokeSuspend(NettyNetworkHandler.kt:186)
	at kotlin.coroutines.jvm.internal.BaseContinuationImpl.resumeWith(ContinuationImpl.kt:33)
	at kotlinx.coroutines.DispatchedTask.run(DispatchedTask.kt:106)
	at kotlinx.coroutines.scheduling.CoroutineScheduler.runSafely(CoroutineScheduler.kt:571)
	at kotlinx.coroutines.scheduling.CoroutineScheduler$Worker.executeTask(CoroutineScheduler.kt:750)
	at kotlinx.coroutines.scheduling.CoroutineScheduler$Worker.runWorker(CoroutineScheduler.kt:678)
	at kotlinx.coroutines.scheduling.CoroutineScheduler$Worker.run(CoroutineScheduler.kt:665)
Caused by: net.mamoe.mirai.internal.network.impl.netty.ForceOfflineException: ä½ çš„å¸å·äº23:46åœ¨å¦ä¸€å°Androidæ‰‹æœºç™»å½•äº†QQã€‚å¦‚éæœ¬äººæ“ä½œï¼Œåˆ™å¯†ç å¯èƒ½å·²æ³„éœ²ï¼Œå»ºè®®å‰å¾€http://aq.qq.com/ä¿®æ”¹å¯†ç æˆ–ç´§æ€¥å†»ç»“å¸å·ã€‚
	... 22 more
	Suppressed: java.util.concurrent.CancellationException: NetworkHandler closed
		at kotlinx.coroutines.ExceptionsKt.CancellationException(Exceptions.kt:22)
		at kotlinx.coroutines.JobKt__JobKt.cancel(Job.kt:608)
		at kotlinx.coroutines.JobKt.cancel(Unknown Source)
		at net.mamoe.mirai.internal.network.handler.NetworkHandlerSupport.close(NetworkHandlerSupport.kt:54)
		at net.mamoe.mirai.internal.network.impl.netty.NettyNetworkHandler.close(NettyNetworkHandler.kt:203)
		at net.mamoe.mirai.internal.network.handler.selector.SelectorNetworkHandler.close(SelectorNetworkHandler.kt:79)
		... 22 more
	Caused by: [CIRCULAR REFERENCE: net.mamoe.mirai.internal.network.impl.netty.ForceOfflineException: ä½ çš„å¸å·äº23:46åœ¨å¦ä¸€å°Androidæ‰‹æœºç™»å½•äº†QQã€‚å¦‚éæœ¬äººæ“ä½œï¼Œåˆ™å¯†ç å¯èƒ½å·²æ³„éœ²ï¼Œå»ºè®®å‰å¾€http://aq.qq.com/ä¿®æ”¹å¯†ç æˆ–ç´§æ€¥å†»ç»“å¸å·ã€‚]
[0m
[91m2021-07-14 23:53:31 W/Net 1295627693: [BotInitProcessor] An exception was thrown during initialization process of Bot 1295627693. Trying to ignore the error and continue logging in...
StateSwitchingException(old=StateLoading, new=StateClosed, cause=net.mamoe.mirai.internal.network.impl.netty.ForceOfflineException: ä½ çš„å¸å·äº23:46åœ¨å¦ä¸€å°Androidæ‰‹æœºç™»å½•äº†QQã€‚å¦‚éæœ¬äººæ“ä½œï¼Œåˆ™å¯†ç å¯èƒ½å·²æ³„éœ²ï¼Œå»ºè®®å‰å¾€http://aq.qq.com/ä¿®æ”¹å¯†ç æˆ–ç´§æ€¥å†»ç»“å¸å·ã€‚)
	at net.mamoe.mirai.internal.network.handler.NetworkHandlerSupport.setStateImpl$mirai_core(NetworkHandlerSupport.kt:260)
	at net.mamoe.mirai.internal.network.impl.netty.NettyNetworkHandler.close(NettyNetworkHandler.kt:422)
	at net.mamoe.mirai.internal.network.handler.selector.SelectorNetworkHandler.close(SelectorNetworkHandler.kt:79)
	at net.mamoe.mirai.internal.network.protocol.packet.chat.receive.MessageSvcPushForceOffline.handle(MessageSvc.PushForceOffline.kt:35)
	at net.mamoe.mirai.internal.network.protocol.packet.chat.receive.MessageSvcPushForceOffline.handle(MessageSvc.PushForceOffline.kt:25)
	at net.mamoe.mirai.internal.network.components.CallPacketFactoryPacketHandler.handlePacket(PacketHandler.kt:110)
	at net.mamoe.mirai.internal.network.components.PacketHandlerChain.handlePacket(PacketHandler.kt:42)
	at net.mamoe.mirai.internal.network.handler.NetworkHandlerSupport$collectReceived$3.invokeSuspend(NetworkHandlerSupport.kt:83)
	at net.mamoe.mirai.internal.network.handler.NetworkHandlerSupport$collectReceived$3.invoke(NetworkHandlerSupport.kt)
	at net.mamoe.mirai.internal.network.handler.NetworkHandlerSupport$collectReceived$3.invoke(NetworkHandlerSupport.kt)
	at kotlinx.coroutines.intrinsics.UndispatchedKt.startCoroutineUndispatched(Undispatched.kt:55)
	at kotlinx.coroutines.CoroutineStart.invoke(CoroutineStart.kt:112)
	at kotlinx.coroutines.AbstractCoroutine.start(AbstractCoroutine.kt:126)
	at kotlinx.coroutines.BuildersKt__Builders_commonKt.launch(Builders.common.kt:56)
	at kotlinx.coroutines.BuildersKt.launch(Unknown Source)
	at kotlinx.coroutines.BuildersKt__Builders_commonKt.launch$default(Builders.common.kt:47)
	at kotlinx.coroutines.BuildersKt.launch$default(Unknown Source)
	at net.mamoe.mirai.internal.network.handler.NetworkHandlerSupport.collectReceived$mirai_core(NetworkHandlerSupport.kt:81)
	at net.mamoe.mirai.internal.network.impl.netty.NettyNetworkHandler$PacketDecodePipeline$2$1.invokeSuspend(NettyNetworkHandler.kt:186)
	at kotlin.coroutines.jvm.internal.BaseContinuationImpl.resumeWith(ContinuationImpl.kt:33)
	at kotlinx.coroutines.DispatchedTask.run(DispatchedTask.kt:106)
	at kotlinx.coroutines.scheduling.CoroutineScheduler.runSafely(CoroutineScheduler.kt:571)
	at kotlinx.coroutines.scheduling.CoroutineScheduler$Worker.executeTask(CoroutineScheduler.kt:750)
	at kotlinx.coroutines.scheduling.CoroutineScheduler$Worker.runWorker(CoroutineScheduler.kt:678)
	at kotlinx.coroutines.scheduling.CoroutineScheduler$Worker.run(CoroutineScheduler.kt:665)
Caused by: net.mamoe.mirai.internal.network.impl.netty.ForceOfflineException: ä½ çš„å¸å·äº23:46åœ¨å¦ä¸€å°Androidæ‰‹æœºç™»å½•äº†QQã€‚å¦‚éæœ¬äººæ“ä½œï¼Œåˆ™å¯†ç å¯èƒ½å·²æ³„éœ²ï¼Œå»ºè®®å‰å¾€http://aq.qq.com/ä¿®æ”¹å¯†ç æˆ–ç´§æ€¥å†»ç»“å¸å·ã€‚
	... 22 more
	Suppressed: java.util.concurrent.CancellationException: NetworkHandler closed
		at kotlinx.coroutines.ExceptionsKt.CancellationException(Exceptions.kt:22)
		at kotlinx.coroutines.JobKt__JobKt.cancel(Job.kt:608)
		at kotlinx.coroutines.JobKt.cancel(Unknown Source)
		at net.mamoe.mirai.internal.network.handler.NetworkHandlerSupport.close(NetworkHandlerSupport.kt:54)
		at net.mamoe.mirai.internal.network.impl.netty.NettyNetworkHandler.close(NettyNetworkHandler.kt:203)
		at net.mamoe.mirai.internal.network.handler.selector.SelectorNetworkHandler.close(SelectorNetworkHandler.kt:79)
		... 22 more
	Caused by: [CIRCULAR REFERENCE: net.mamoe.mirai.internal.network.impl.netty.ForceOfflineException: ä½ çš„å¸å·äº23:46åœ¨å¦ä¸€å°Androidæ‰‹æœºç™»å½•äº†QQã€‚å¦‚éæœ¬äººæ“ä½œï¼Œåˆ™å¯†ç å¯èƒ½å·²æ³„éœ²ï¼Œå»ºè®®å‰å¾€http://aq.qq.com/ä¿®æ”¹å¯†ç æˆ–ç´§æ€¥å†»ç»“å¸å·ã€‚]
[0m
[31m2021-07-14 23:53:31 E/Net 1295627693: Exception in coroutine 'BotInitProcessor.init'
java.lang.IllegalStateException: Exception in attached Job 'BotInitProcessor.init'
	at net.mamoe.mirai.internal.network.handler.state.JobAttachStateObserver$stateChanged0$1.invokeSuspend(JobAttachStateObserver.kt:40)
	at kotlin.coroutines.jvm.internal.BaseContinuationImpl.resumeWith(ContinuationImpl.kt:33)
	at kotlinx.coroutines.DispatchedTask.run(DispatchedTask.kt:104)
	at kotlinx.coroutines.scheduling.CoroutineScheduler.runSafely(CoroutineScheduler.kt:571)
	at kotlinx.coroutines.scheduling.CoroutineScheduler$Worker.executeTask(CoroutineScheduler.kt:750)
	at kotlinx.coroutines.scheduling.CoroutineScheduler$Worker.runWorker(CoroutineScheduler.kt:678)
	at kotlinx.coroutines.scheduling.CoroutineScheduler$Worker.run(CoroutineScheduler.kt:665)
Caused by: net.mamoe.mirai.internal.network.impl.netty.ForceOfflineException: ä½ çš„å¸å·äº23:46åœ¨å¦ä¸€å°Androidæ‰‹æœºç™»å½•äº†QQã€‚å¦‚éæœ¬äººæ“ä½œï¼Œåˆ™å¯†ç å¯èƒ½å·²æ³„éœ²ï¼Œå»ºè®®å‰å¾€http://aq.qq.com/ä¿®æ”¹å¯†ç æˆ–ç´§æ€¥å†»ç»“å¸å·ã€‚
	at net.mamoe.mirai.internal.network.protocol.packet.chat.receive.MessageSvcPushForceOffline.handle(MessageSvc.PushForceOffline.kt:35)
	at net.mamoe.mirai.internal.network.protocol.packet.chat.receive.MessageSvcPushForceOffline.handle(MessageSvc.PushForceOffline.kt:25)
	at net.mamoe.mirai.internal.network.components.CallPacketFactoryPacketHandler.handlePacket(PacketHandler.kt:110)
	at net.mamoe.mirai.internal.network.components.PacketHandlerChain.handlePacket(PacketHandler.kt:42)
	at net.mamoe.mirai.internal.network.handler.NetworkHandlerSupport$collectReceived$3.invokeSuspend(NetworkHandlerSupport.kt:83)
	at net.mamoe.mirai.internal.network.handler.NetworkHandlerSupport$collectReceived$3.invoke(NetworkHandlerSupport.kt)
	at net.mamoe.mirai.internal.network.handler.NetworkHandlerSupport$collectReceived$3.invoke(NetworkHandlerSupport.kt)
	at kotlinx.coroutines.intrinsics.UndispatchedKt.startCoroutineUndispatched(Undispatched.kt:55)
	at kotlinx.coroutines.CoroutineStart.invoke(CoroutineStart.kt:112)
	at kotlinx.coroutines.AbstractCoroutine.start(AbstractCoroutine.kt:126)
	at kotlinx.coroutines.BuildersKt__Builders_commonKt.launch(Builders.common.kt:56)
	at kotlinx.coroutines.BuildersKt.launch(Unknown Source)
	at kotlinx.coroutines.BuildersKt__Builders_commonKt.launch$default(Builders.common.kt:47)
	at kotlinx.coroutines.BuildersKt.launch$default(Unknown Source)
	at net.mamoe.mirai.internal.network.handler.NetworkHandlerSupport.collectReceived$mirai_core(NetworkHandlerSupport.kt:81)
	at net.mamoe.mirai.internal.network.impl.netty.NettyNetworkHandler$PacketDecodePipeline$2$1.invokeSuspend(NettyNetworkHandler.kt:186)
	at kotlin.coroutines.jvm.internal.BaseContinuationImpl.resumeWith(ContinuationImpl.kt:33)
	at kotlinx.coroutines.DispatchedTask.run(DispatchedTask.kt:106)
	... 4 more
	Suppressed: java.util.concurrent.CancellationException: NetworkHandler closed
		at kotlinx.coroutines.ExceptionsKt.CancellationException(Exceptions.kt:22)
		at kotlinx.coroutines.JobKt__JobKt.cancel(Job.kt:608)
		at kotlinx.coroutines.JobKt.cancel(Unknown Source)
		at net.mamoe.mirai.internal.network.handler.NetworkHandlerSupport.close(NetworkHandlerSupport.kt:54)
		at net.mamoe.mirai.internal.network.impl.netty.NettyNetworkHandler.close(NettyNetworkHandler.kt:203)
		at net.mamoe.mirai.internal.network.handler.selector.SelectorNetworkHandler.close(SelectorNetworkHandler.kt:79)
		... 22 more
	Caused by: [CIRCULAR REFERENCE: net.mamoe.mirai.internal.network.impl.netty.ForceOfflineException: ä½ çš„å¸å·äº23:46åœ¨å¦ä¸€å°Androidæ‰‹æœºç™»å½•äº†QQã€‚å¦‚éæœ¬äººæ“ä½œï¼Œåˆ™å¯†ç å¯èƒ½å·²æ³„éœ²ï¼Œå»ºè®®å‰å¾€http://aq.qq.com/ä¿®æ”¹å¯†ç æˆ–ç´§æ€¥å†»ç»“å¸å·ã€‚]
	Suppressed: StateSwitchingException(old=StateLoading, new=StateClosed, cause=net.mamoe.mirai.internal.network.impl.netty.ForceOfflineException: ä½ çš„å¸å·äº23:46åœ¨å¦ä¸€å°Androidæ‰‹æœºç™»å½•äº†QQã€‚å¦‚éæœ¬äººæ“ä½œï¼Œåˆ™å¯†ç å¯èƒ½å·²æ³„éœ²ï¼Œå»ºè®®å‰å¾€http://aq.qq.com/ä¿®æ”¹å¯†ç æˆ–ç´§æ€¥å†»ç»“å¸å·ã€‚)
		at net.mamoe.mirai.internal.network.handler.NetworkHandlerSupport.setStateImpl$mirai_core(NetworkHandlerSupport.kt:260)
		at net.mamoe.mirai.internal.network.impl.netty.NettyNetworkHandler.close(NettyNetworkHandler.kt:422)
		at net.mamoe.mirai.internal.network.handler.selector.SelectorNetworkHandler.close(SelectorNetworkHandler.kt:79)
		... 22 more
	Caused by: [CIRCULAR REFERENCE: net.mamoe.mirai.internal.network.impl.netty.ForceOfflineException: ä½ çš„å¸å·äº23:46åœ¨å¦ä¸€å°Androidæ‰‹æœºç™»å½•äº†QQã€‚å¦‚éæœ¬äººæ“ä½œï¼Œåˆ™å¯†ç å¯èƒ½å·²æ³„éœ²ï¼Œå»ºè®®å‰å¾€http://aq.qq.com/ä¿®æ”¹å¯†ç æˆ–ç´§æ€¥å†»ç»“å¸å·ã€‚]
[0m
[91m2021-07-14 23:53:31 W/Net 1295627693: net.mamoe.mirai.internal.network.impl.netty.ForceOfflineException: ä½ çš„å¸å·äº23:46åœ¨å¦ä¸€å°Androidæ‰‹æœºç™»å½•äº†QQã€‚å¦‚éæœ¬äººæ“ä½œï¼Œåˆ™å¯†ç å¯èƒ½å·²æ³„éœ²ï¼Œå»ºè®®å‰å¾€http://aq.qq.com/ä¿®æ”¹å¯†ç æˆ–ç´§æ€¥å†»ç»“å¸å·ã€‚
net.mamoe.mirai.internal.network.impl.netty.ForceOfflineException: ä½ çš„å¸å·äº23:46åœ¨å¦ä¸€å°Androidæ‰‹æœºç™»å½•äº†QQã€‚å¦‚éæœ¬äººæ“ä½œï¼Œåˆ™å¯†ç å¯èƒ½å·²æ³„éœ²ï¼Œå»ºè®®å‰å¾€http://aq.qq.com/ä¿®æ”¹å¯†ç æˆ–ç´§æ€¥å†»ç»“å¸å·ã€‚
	at net.mamoe.mirai.internal.network.protocol.packet.chat.receive.MessageSvcPushForceOffline.handle(MessageSvc.PushForceOffline.kt:35)
	at net.mamoe.mirai.internal.network.protocol.packet.chat.receive.MessageSvcPushForceOffline.handle(MessageSvc.PushForceOffline.kt:25)
	at net.mamoe.mirai.internal.network.components.CallPacketFactoryPacketHandler.handlePacket(PacketHandler.kt:110)
	at net.mamoe.mirai.internal.network.components.PacketHandlerChain.handlePacket(PacketHandler.kt:42)
	at net.mamoe.mirai.internal.network.handler.NetworkHandlerSupport$collectReceived$3.invokeSuspend(NetworkHandlerSupport.kt:83)
	at net.mamoe.mirai.internal.network.handler.NetworkHandlerSupport$collectReceived$3.invoke(NetworkHandlerSupport.kt)
	at net.mamoe.mirai.internal.network.handler.NetworkHandlerSupport$collectReceived$3.invoke(NetworkHandlerSupport.kt)
	at kotlinx.coroutines.intrinsics.UndispatchedKt.startCoroutineUndispatched(Undispatched.kt:55)
	at kotlinx.coroutines.CoroutineStart.invoke(CoroutineStart.kt:112)
	at kotlinx.coroutines.AbstractCoroutine.start(AbstractCoroutine.kt:126)
	at kotlinx.coroutines.BuildersKt__Builders_commonKt.launch(Builders.common.kt:56)
	at kotlinx.coroutines.BuildersKt.launch(Unknown Source)
	at kotlinx.coroutines.BuildersKt__Builders_commonKt.launch$default(Builders.common.kt:47)
	at kotlinx.coroutines.BuildersKt.launch$default(Unknown Source)
	at net.mamoe.mirai.internal.network.handler.NetworkHandlerSupport.collectReceived$mirai_core(NetworkHandlerSupport.kt:81)
	at net.mamoe.mirai.internal.network.impl.netty.NettyNetworkHandler$PacketDecodePipeline$2$1.invokeSuspend(NettyNetworkHandler.kt:186)
	at kotlin.coroutines.jvm.internal.BaseContinuationImpl.resumeWith(ContinuationImpl.kt:33)
	at kotlinx.coroutines.DispatchedTask.run(DispatchedTask.kt:106)
	at kotlinx.coroutines.scheduling.CoroutineScheduler.runSafely(CoroutineScheduler.kt:571)
	at kotlinx.coroutines.scheduling.CoroutineScheduler$Worker.executeTask(CoroutineScheduler.kt:750)
	at kotlinx.coroutines.scheduling.CoroutineScheduler$Worker.runWorker(CoroutineScheduler.kt:678)
	at kotlinx.coroutines.scheduling.CoroutineScheduler$Worker.run(CoroutineScheduler.kt:665)
	Suppressed: java.util.concurrent.CancellationException: NetworkHandler closed
		at kotlinx.coroutines.ExceptionsKt.CancellationException(Exceptions.kt:22)
		at kotlinx.coroutines.JobKt__JobKt.cancel(Job.kt:608)
		at kotlinx.coroutines.JobKt.cancel(Unknown Source)
		at net.mamoe.mirai.internal.network.handler.NetworkHandlerSupport.close(NetworkHandlerSupport.kt:54)
		at net.mamoe.mirai.internal.network.impl.netty.NettyNetworkHandler.close(NettyNetworkHandler.kt:203)
		at net.mamoe.mirai.internal.network.handler.selector.SelectorNetworkHandler.close(SelectorNetworkHandler.kt:79)
		... 22 more
	Caused by: [CIRCULAR REFERENCE: net.mamoe.mirai.internal.network.impl.netty.ForceOfflineException: ä½ çš„å¸å·äº23:46åœ¨å¦ä¸€å°Androidæ‰‹æœºç™»å½•äº†QQã€‚å¦‚éæœ¬äººæ“ä½œï¼Œåˆ™å¯†ç å¯èƒ½å·²æ³„éœ²ï¼Œå»ºè®®å‰å¾€http://aq.qq.com/ä¿®æ”¹å¯†ç æˆ–ç´§æ€¥å†»ç»“å¸å·ã€‚]
	Suppressed: StateSwitchingException(old=StateLoading, new=StateClosed, cause=net.mamoe.mirai.internal.network.impl.netty.ForceOfflineException: ä½ çš„å¸å·äº23:46åœ¨å¦ä¸€å°Androidæ‰‹æœºç™»å½•äº†QQã€‚å¦‚éæœ¬äººæ“ä½œï¼Œåˆ™å¯†ç å¯èƒ½å·²æ³„éœ²ï¼Œå»ºè®®å‰å¾€http://aq.qq.com/ä¿®æ”¹å¯†ç æˆ–ç´§æ€¥å†»ç»“å¸å·ã€‚)
		at net.mamoe.mirai.internal.network.handler.NetworkHandlerSupport.setStateImpl$mirai_core(NetworkHandlerSupport.kt:260)
		at net.mamoe.mirai.internal.network.impl.netty.NettyNetworkHandler.close(NettyNetworkHandler.kt:422)
		at net.mamoe.mirai.internal.network.handler.selector.SelectorNetworkHandler.close(SelectorNetworkHandler.kt:79)
		... 22 more
	Caused by: [CIRCULAR REFERENCE: net.mamoe.mirai.internal.network.impl.netty.ForceOfflineException: ä½ çš„å¸å·äº23:46åœ¨å¦ä¸€å°Androidæ‰‹æœºç™»å½•äº†QQã€‚å¦‚éæœ¬äººæ“ä½œï¼Œåˆ™å¯†ç å¯èƒ½å·²æ³„éœ²ï¼Œå»ºè®®å‰å¾€http://aq.qq.com/ä¿®æ”¹å¯†ç æˆ–ç´§æ€¥å†»ç»“å¸å·ã€‚]
	Suppressed: [CIRCULAR REFERENCE: java.util.concurrent.CancellationException: NetworkHandler closed]
[0m
[0m2021-07-14 23:53:31 V/Net 1295627693: [BotSessionSyncer] Loading server list from cache.[0m
[92m2021-07-14 23:53:31 I/Net 1295627693: [ServerList] Server list: 114.221.148.49:8080, 180.109.156.246:8080, 14.22.5.202:443, 180.109.156.44:80, 113.96.13.208:443, 42.81.172.147:80, 42.81.172.207:443, 42.81.192.211:14000, msfwifi.3g.qq.com:8080, 42.81.172.147:8080.[0m
[92m2021-07-14 23:53:31 I/Net 1295627693: [ECDHInitialPublicKeyUpdater] ECDH key is invalid, start to fetch ecdh public key from server.[0m
[92m2021-07-14 23:53:32 I/Net 1295627693: [ECDHInitialPublicKeyUpdater] Successfully fetched ecdh public key from server.[0m
[0m2021-07-14 23:53:32 V/Net 1295627693: Send: wtlogin.login[0m
[0m2021-07-14 23:53:32 V/Net 1295627693: Recv: wtlogin.login[0m
[0m2021-07-14 23:53:32 V/Net 1295627693: Send: wtlogin.login[0m
[0m2021-07-14 23:53:32 V/Net 1295627693: Recv: wtlogin.login[0m
[0m2021-07-14 23:53:32 V/Net 1295627693: Send: StatSvc.register(online)[0m
[0m2021-07-14 23:53:32 V/Net 1295627693: Recv: StatSvc.register[0m
[92m2021-07-14 23:53:32 I/Net 1295627693: [MessageSvcSyncer] Syncing friend message history...[0m
[0m2021-07-14 23:53:32 V/Net 1295627693: [BotSessionSyncer] Loading BdhSession from cache file[0m
[92m2021-07-14 23:53:32 I/Net 1295627693: [ContactUpdater] Start loading stranger list...[0m
[92m2021-07-14 23:53:32 I/Net 1295627693: [ContactUpdater] Start loading friend list...[0m
[0m2021-07-14 23:53:32 V/Net 1295627693: Send: OidbSvc.0x496(OidbSvc.0x496)[0m
[0m2021-07-14 23:53:32 V/Net 1295627693: Send: StatSvc.GetDevLoginInfo(StatSvc.GetDevLoginInfo)[0m
[0m2021-07-14 23:53:32 V/Net 1295627693: Send: OidbSvc.0x5d2_0(OidbSvc.0x5d2_0)[0m
[0m2021-07-14 23:53:32 V/Net 1295627693: Send: friendlist.getFriendGroupList(friendlist.getFriendGroupList)[0m
[0m2021-07-14 23:53:32 V/Net 1295627693: Recv: OidbSvc.0x496[0m
[92m2021-07-14 23:53:32 I/Net 1295627693: [ContactUpdater] Start loading group list...[0m
[0m2021-07-14 23:53:32 V/Net 1295627693: Send: friendlist.GetTroopListReqV2(friendlist.GetTroopListReqV2)[0m
[0m2021-07-14 23:53:32 V/Net 1295627693: Recv: OidbSvc.0x5d2_0[0m
[0m2021-07-14 23:53:32 V/Net 1295627693: Recv: StatSvc.GetDevLoginInfo[0m
[92m2021-07-14 23:53:32 I/Net 1295627693: [OtherClientUpdater] No OtherClient online.[0m
[92m2021-07-14 23:53:32 I/Net 1295627693: [ContactUpdater] Successfully loaded stranger list: 1 in total[0m
[0m2021-07-14 23:53:32 V/Net 1295627693: Recv: friendlist.getFriendGroupList[0m
[0m2021-07-14 23:53:32 V/Net 1295627693: [ContactUpdater] Loading friend list: 23/23[0m
[92m2021-07-14 23:53:32 I/Net 1295627693: [ContactUpdater] Successfully loaded friend list: 23 in total[0m
[0m2021-07-14 23:53:32 V/Net 1295627693: Recv: friendlist.GetTroopListReqV2[0m
[92m2021-07-14 23:53:32 I/Net 1295627693: [MessageSvcSyncer] Syncing friend message history: Success.[0m
[0m2021-07-14 23:53:32 V/Net 1295627693: Send: friendlist.GetTroopMemberListReq(friendlist.GetTroopMemberListReq)[0m
[0m2021-07-14 23:53:32 V/Net 1295627693: Send: friendlist.GetTroopMemberListReq(friendlist.GetTroopMemberListReq)[0m
[0m2021-07-14 23:53:32 V/Net 1295627693: Send: friendlist.GetTroopMemberListReq(friendlist.GetTroopMemberListReq)[0m
[0m2021-07-14 23:53:32 V/Net 1295627693: Send: friendlist.GetTroopMemberListReq(friendlist.GetTroopMemberListReq)[0m
[0m2021-07-14 23:53:33 V/Net 1295627693: Recv: friendlist.GetTroopMemberListReq[0m
[0m2021-07-14 23:53:33 V/Net 1295627693: Send: OidbSvc.0x899_9(OidbSvc.0x899_9)[0m
[0m2021-07-14 23:53:33 V/Net 1295627693: Recv: friendlist.GetTroopMemberListReq[0m
[0m2021-07-14 23:53:33 V/Net 1295627693: Send: OidbSvc.0x899_9(OidbSvc.0x899_9)[0m
[0m2021-07-14 23:53:33 V/Net 1295627693: Recv: friendlist.GetTroopMemberListReq[0m
[0m2021-07-14 23:53:33 V/Net 1295627693: Send: OidbSvc.0x899_9(OidbSvc.0x899_9)[0m
[0m2021-07-14 23:53:33 V/Net 1295627693: Recv: friendlist.GetTroopMemberListReq[0m
[0m2021-07-14 23:53:33 V/Net 1295627693: Send: friendlist.GetTroopMemberListReq(friendlist.GetTroopMemberListReq)[0m
[0m2021-07-14 23:53:33 V/Net 1295627693: Recv: OidbSvc.0x899_9[0m
[0m2021-07-14 23:53:33 V/Net 1295627693: Recv: OidbSvc.0x899_9[0m
[0m2021-07-14 23:53:33 V/Net 1295627693: Recv: OidbSvc.0x899_9[0m
[0m2021-07-14 23:53:33 V/Net 1295627693: Recv: friendlist.GetTroopMemberListReq[0m
[0m2021-07-14 23:53:33 V/Net 1295627693: Send: friendlist.GetTroopMemberListReq(friendlist.GetTroopMemberListReq)[0m
[0m2021-07-14 23:53:33 V/Net 1295627693: Recv: friendlist.GetTroopMemberListReq[0m
[0m2021-07-14 23:53:33 V/Net 1295627693: Send: friendlist.GetTroopMemberListReq(friendlist.GetTroopMemberListReq)[0m
[0m2021-07-14 23:53:33 V/Net 1295627693: Recv: friendlist.GetTroopMemberListReq[0m
[0m2021-07-14 23:53:33 V/Net 1295627693: Send: friendlist.GetTroopMemberListReq(friendlist.GetTroopMemberListReq)[0m
[0m2021-07-14 23:53:33 V/Net 1295627693: Recv: friendlist.GetTroopMemberListReq[0m
[0m2021-07-14 23:53:33 V/Net 1295627693: Send: friendlist.GetTroopMemberListReq(friendlist.GetTroopMemberListReq)[0m
[0m2021-07-14 23:53:33 V/Net 1295627693: Recv: friendlist.GetTroopMemberListReq[0m
[0m2021-07-14 23:53:33 V/Net 1295627693: Send: OidbSvc.0x899_9(OidbSvc.0x899_9)[0m
[0m2021-07-14 23:53:33 V/Net 1295627693: Recv: OidbSvc.0x899_9[0m
[92m2021-07-14 23:53:33 I/Net 1295627693: [ContactUpdater] Successfully loaded group list: 4 in total.[0m
[92m2021-07-14 23:53:33 I/Net 1295627693: [KeyRefreshProcessor] Scheduled key refresh in 23h 55min 0.0s.[0m
[92m2021-07-14 23:53:33 I/Net 1295627693: [KeyRefreshProcessor] Scheduled refresh login session in 19d 23h 55min 0.0s.[0m
[0m2021-07-14 23:53:35 V/Net 1295627693: Recv: ConfigPushSvc.PushReq[0m
[0m2021-07-14 23:53:35 V/Net 1295627693: [BotSessionSyncer] Saving bdh session to cache[0m
[0m2021-07-14 23:53:35 V/Net 1295627693: Send: ConfigPushSvc.PushResp(ConfigPushSvc.PushResp)[0m
[0m2021-07-14 23:55:32 V/Net 1295627693: Send: MessageSvc.PbSendMsg(MessageSvc.PbSendMsg)[0m
[0m2021-07-14 23:55:32 V/Net 1295627693: Recv: MessageSvc.PbSendMsg[0m
[0m2021-07-14 23:55:47 V/Net 1295627693: Send: MessageSvc.PbSendMsg(MessageSvc.PbSendMsg)[0m
[0m2021-07-14 23:55:48 V/Net 1295627693: Recv: MessageSvc.PbSendMsg[0m
[0m2021-07-14 23:56:38 V/Net 1295627693: Send: MessageSvc.PbSendMsg(MessageSvc.PbSendMsg)[0m
[0m2021-07-14 23:56:38 V/Net 1295627693: Send: MessageSvc.PbSendMsg(MessageSvc.PbSendMsg)[0m
[0m2021-07-14 23:56:38 V/Net 1295627693: Recv: MessageSvc.PbSendMsg[0m
[0m2021-07-14 23:56:38 V/Net 1295627693: Recv: MessageSvc.PbSendMsg[0m
[0m2021-07-14 23:57:04 V/Net 1295627693: Send: MessageSvc.PbSendMsg(MessageSvc.PbSendMsg)[0m
[0m2021-07-14 23:57:04 V/Net 1295627693: Recv: MessageSvc.PbSendMsg[0m
[0m2021-07-14 23:58:09 V/Net 1295627693: Send: StatSvc.register(offline)[0m
